20K Diverse Pattern Test - 2025-10-31T16:52:13.709Z
================================================================================

[2025-10-31T16:52:14.062Z] ✅ 컨트랙트 배포: 0x5FbDB2315678afecb367f032d93F642f64180aa3
[2025-10-31T16:52:14.062Z] Treasury: 0x70997970C51812dc3A010C7d01b50e0d17dc79C8
[2025-10-31T16:52:14.063Z] 테스트 사용자: 18명
[2025-10-31T16:52:14.063Z] 
다양한금액 테스트 시작...
[2025-10-31T16:52:14.475Z] 다양한금액: 500/5000 완료
[2025-10-31T16:52:14.855Z] 다양한금액: 1000/5000 완료
[2025-10-31T16:52:15.224Z] 다양한금액: 1500/5000 완료
[2025-10-31T16:52:15.586Z] 다양한금액: 2000/5000 완료
[2025-10-31T16:52:15.960Z] 다양한금액: 2500/5000 완료
[2025-10-31T16:52:16.330Z] 다양한금액: 3000/5000 완료
[2025-10-31T16:52:16.699Z] 다양한금액: 3500/5000 완료
[2025-10-31T16:52:17.059Z] 다양한금액: 4000/5000 완료
[2025-10-31T16:52:17.767Z] 다양한금액 완료: 4719/5000
[2025-10-31T16:52:17.768Z] 
P2P전송 테스트 시작...
[2025-10-31T16:52:17.993Z] P2P전송: 300/3000 완료
[2025-10-31T16:52:18.225Z] P2P전송: 600/3000 완료
[2025-10-31T16:52:18.440Z] P2P전송: 900/3000 완료
[2025-10-31T16:52:18.650Z] P2P전송: 1200/3000 완료
[2025-10-31T16:52:18.869Z] P2P전송: 1500/3000 완료
[2025-10-31T16:52:19.084Z] P2P전송: 1800/3000 완료
[2025-10-31T16:52:19.299Z] P2P전송: 2100/3000 완료
[2025-10-31T16:52:19.510Z] P2P전송: 2400/3000 완료
[2025-10-31T16:52:19.748Z] P2P전송: 2700/3000 완료
[2025-10-31T16:52:19.984Z] P2P전송: 3000/3000 완료
[2025-10-31T16:52:19.985Z] P2P전송 완료: 3000/3000
[2025-10-31T16:52:19.985Z] 
Burn 테스트 시작...
[2025-10-31T16:52:20.207Z] Burn: 200/2000 완료
[2025-10-31T16:52:20.427Z] Burn: 400/2000 완료
[2025-10-31T16:52:20.733Z] Burn: 600/2000 완료
[2025-10-31T16:52:21.091Z] Burn: 800/2000 완료
[2025-10-31T16:52:21.334Z] Burn: 1000/2000 완료
[2025-10-31T16:52:21.499Z] Burn: 1200/2000 완료
[2025-10-31T16:52:21.642Z] Burn: 1400/2000 완료
[2025-10-31T16:52:21.774Z] Burn: 1600/2000 완료
[2025-10-31T16:52:21.927Z] Burn: 1800/2000 완료
[2025-10-31T16:52:22.105Z] Burn: 2000/2000 완료
[2025-10-31T16:52:22.105Z] Burn 완료: 2000/2000
[2025-10-31T16:52:22.105Z] 
Approve 테스트 시작...
[2025-10-31T16:52:22.231Z] Approve: 150/1500 완료
[2025-10-31T16:52:22.355Z] Approve: 300/1500 완료
[2025-10-31T16:52:22.474Z] Approve: 450/1500 완료
[2025-10-31T16:52:22.589Z] Approve: 600/1500 완료
[2025-10-31T16:52:22.706Z] Approve: 750/1500 완료
[2025-10-31T16:52:22.827Z] Approve: 900/1500 완료
[2025-10-31T16:52:22.947Z] Approve: 1050/1500 완료
[2025-10-31T16:52:23.072Z] Approve: 1200/1500 완료
[2025-10-31T16:52:23.194Z] Approve: 1350/1500 완료
[2025-10-31T16:52:23.306Z] Approve: 1500/1500 완료
[2025-10-31T16:52:23.307Z] Approve 완료: 1500/1500
[2025-10-31T16:52:23.308Z] 
TransferFrom 테스트 시작...
[2025-10-31T16:52:24.263Z] TransferFrom 완료: 0/1500
[2025-10-31T16:52:24.264Z] 
Pause 테스트 시작...
[2025-10-31T16:52:24.621Z] Pause: 200/2000 완료
[2025-10-31T16:52:24.966Z] Pause: 400/2000 완료
[2025-10-31T16:52:25.292Z] Pause: 600/2000 완료
[2025-10-31T16:52:25.811Z] Pause: 800/2000 완료
[2025-10-31T16:52:26.327Z] Pause: 1000/2000 완료
[2025-10-31T16:52:26.720Z] Pause: 1200/2000 완료
[2025-10-31T16:52:27.116Z] Pause: 1400/2000 완료
[2025-10-31T16:52:27.452Z] Pause: 1600/2000 완료
[2025-10-31T16:52:27.770Z] Pause: 1800/2000 완료
[2025-10-31T16:52:28.109Z] Pause: 2000/2000 완료
[2025-10-31T16:52:28.109Z] Pause 완료: 2000/2000
[2025-10-31T16:52:28.110Z] 
순환전송 테스트 시작...
[2025-10-31T16:52:28.465Z] 순환전송: 200/2000 완료
[2025-10-31T16:52:28.904Z] 순환전송: 400/2000 완료
[2025-10-31T16:52:29.925Z] 순환전송: 600/2000 완료
[2025-10-31T16:52:30.411Z] 순환전송: 800/2000 완료
[2025-10-31T16:52:30.848Z] 순환전송: 1000/2000 완료
[2025-10-31T16:52:31.280Z] 순환전송: 1200/2000 완료
[2025-10-31T16:52:31.871Z] 순환전송: 1400/2000 완료
[2025-10-31T16:52:32.288Z] 순환전송: 1600/2000 완료
[2025-10-31T16:52:32.771Z] 순환전송: 1800/2000 완료
[2025-10-31T16:52:33.170Z] 순환전송: 2000/2000 완료
[2025-10-31T16:52:33.171Z] 순환전송 완료: 2000/2000
[2025-10-31T16:52:33.172Z] 
복합시나리오 테스트 시작...
[2025-10-31T16:52:35.043Z] 복합시나리오 완료: 0/3000
[2025-10-31T16:52:35.073Z] ✅ 상세 로그: /Users/test-mac/project/ak-coin/logs/comprehensive-20k-detail.json
[2025-10-31T16:52:35.073Z] ✅ 통계: /Users/test-mac/project/ak-coin/logs/comprehensive-20k-statistics.json
